<?xml version="1.0" encoding="UTF-8"?>
<!-- Generated by org.testng.reporters.JUnitReportReporter -->
<testsuite hostname="DESKTOP-2FCRG2R" failures="0" tests="4" name="TestNG_001.Groups_parameter" time="0.020" errors="0" timestamp="2024-06-19T14:27:41 IST" skipped="0">
  <testcase classname="TestNG_001.Groups_parameter" name="launchbrowser" time="0.002"/>
  <system-out/>
  <testcase classname="TestNG_001.Groups_parameter" name="cosmeticessue" time="0.013"/>
  <system-out/>
  <testcase classname="TestNG_001.Groups_parameter" name="hiturl" time="0.004"/>
  <system-out/>
  <testcase classname="TestNG_001.Groups_parameter" name="webelemet" time="0.001"/>
  <system-out/>
</testsuite> <!-- TestNG_001.Groups_parameter -->
