<?xml version="1.0" encoding="UTF-8"?>
<!-- Generated by org.testng.reporters.JUnitReportReporter -->
<testsuite hostname="DESKTOP-2FCRG2R" failures="0" tests="3" name="TestNG_001.Class_001" time="0.012" errors="0" timestamp="2024-06-19T13:12:13 IST" skipped="0">
  <testcase classname="TestNG_001.Class_001" name="f" time="0.005"/>
  <system-out/>
  <testcase classname="TestNG_001.Class_001" name="g" time="0.004"/>
  <system-out/>
  <testcase classname="TestNG_001.Class_001" name="e" time="0.003"/>
  <system-out/>
</testsuite> <!-- TestNG_001.Class_001 -->
