<?xml version="1.0" encoding="UTF-8"?>
<!-- Generated by org.testng.reporters.JUnitReportReporter -->
<testsuite hostname="DESKTOP-2FCRG2R" failures="0" tests="3" name="TestNG_001.TestNG_class" time="0.028" errors="0" timestamp="2024-06-18T14:09:09 IST" skipped="0">
  <testcase classname="TestNG_001.TestNG_class" name="g" time="0.005"/>
  <system-out/>
  <testcase classname="TestNG_001.TestNG_class" name="f" time="0.003"/>
  <system-out/>
  <testcase classname="TestNG_001.TestNG_class" name="e" time="0.020"/>
  <system-out/>
</testsuite> <!-- TestNG_001.TestNG_class -->
