<?xml version="1.0" encoding="UTF-8"?>
<!-- Generated by org.testng.reporters.JUnitReportReporter -->
<testsuite hostname="DESKTOP-2FCRG2R" failures="0" tests="1" name="TestNG_001.Class_003" time="0.002" errors="0" timestamp="2024-06-19T13:12:13 IST" skipped="0">
  <testcase classname="TestNG_001.Class_003" name="b" time="0.002"/>
  <system-out/>
</testsuite> <!-- TestNG_001.Class_003 -->
