<?xml version="1.0" encoding="UTF-8"?>
<!-- Generated by org.testng.reporters.JUnitReportReporter -->
<testsuite hostname="DESKTOP-2FCRG2R" failures="0" tests="6" name="TestNG_001.Depends_on_method" time="0.027" errors="0" timestamp="2024-06-19T14:09:57 IST" skipped="0">
  <testcase classname="TestNG_001.Depends_on_method" name="launchbrowser" time="0.005"/>
  <system-out/>
  <testcase classname="TestNG_001.Depends_on_method" name="sendkeys" time="0.002"/>
  <system-out/>
  <testcase classname="TestNG_001.Depends_on_method" name="hiturl" time="0.002"/>
  <system-out/>
  <testcase classname="TestNG_001.Depends_on_method" name="clickonsearchbtn" time="0.002"/>
  <system-out/>
  <testcase classname="TestNG_001.Depends_on_method" name="clickonsearchbox" time="0.015"/>
  <system-out/>
  <testcase classname="TestNG_001.Depends_on_method" name="webelemet" time="0.001"/>
  <system-out/>
</testsuite> <!-- TestNG_001.Depends_on_method -->
