<?xml version="1.0" encoding="UTF-8"?>
<!-- Generated by org.testng.reporters.JUnitReportReporter -->
<testsuite hostname="DESKTOP-2FCRG2R" failures="0" tests="1" name="TestNG_001.Class_004" time="0.012" errors="0" timestamp="2024-06-19T13:12:13 IST" skipped="0">
  <testcase classname="TestNG_001.Class_004" name="c" time="0.012"/>
  <system-out/>
</testsuite> <!-- TestNG_001.Class_004 -->
