<?xml version="1.0" encoding="UTF-8"?>
<!-- Generated by org.testng.reporters.JUnitReportReporter -->
<testsuite hostname="DESKTOP-2FCRG2R" failures="0" tests="5" name="TestNG_001.Invocation_count" time="0.014" errors="0" timestamp="2024-06-19T13:46:57 IST" skipped="2">
  <testcase classname="TestNG_001.Invocation_count" name="nagpur" time="0.002"/>
  <system-out/>
  <testcase classname="TestNG_001.Invocation_count" name="nagpur" time="0.010"/>
  <system-out/>
  <testcase classname="TestNG_001.Invocation_count" name="pune" time="0.002"/>
  <system-out/>
  <testcase classname="TestNG_001.Invocation_count" name="nashik">
    <skipped/>
  </testcase> <!-- nashik -->
  <system-out/>
  <testcase classname="TestNG_001.Invocation_count" name="wardha">
    <skipped/>
  </testcase> <!-- wardha -->
  <system-out/>
</testsuite> <!-- TestNG_001.Invocation_count -->
