<?xml version="1.0" encoding="UTF-8"?>
<!-- Generated by org.testng.reporters.JUnitReportReporter -->
<testsuite hostname="DESKTOP-2FCRG2R" failures="0" tests="5" name="TestNG_001.Priority_parameter" time="0.017" errors="0" timestamp="2024-06-19T13:50:44 IST" skipped="0">
  <testcase classname="TestNG_001.Priority_parameter" name="api" time="0.011"/>
  <system-out/>
  <testcase classname="TestNG_001.Priority_parameter" name="manual" time="0.002"/>
  <system-out/>
  <testcase classname="TestNG_001.Priority_parameter" name="sql" time="0.001"/>
  <system-out/>
  <testcase classname="TestNG_001.Priority_parameter" name="automation" time="0.002"/>
  <system-out/>
  <testcase classname="TestNG_001.Priority_parameter" name="mobile_testing" time="0.001"/>
  <system-out/>
</testsuite> <!-- TestNG_001.Priority_parameter -->
