<?xml version="1.0" encoding="UTF-8"?>
<!-- Generated by org.testng.reporters.JUnitReportReporter -->
<testsuite hostname="DESKTOP-2FCRG2R" failures="0" tests="1" name="testNG_class.Practice" time="2.710" errors="0" timestamp="2024-07-01T16:31:33 IST" skipped="0">
  <testcase classname="testNG_class.Practice" name="account_create" time="2.710"/>
  <system-out/>
</testsuite> <!-- testNG_class.Practice -->
