<?xml version="1.0" encoding="UTF-8"?>
<!-- Generated by org.testng.reporters.JUnitReportReporter -->
<testsuite hostname="DESKTOP-2FCRG2R" failures="0" tests="1" name="base_package.TestNG_class" time="30.885" errors="0" timestamp="2024-07-08T19:24:52 IST" skipped="0">
  <testcase classname="base_package.TestNG_class" name="f" time="30.885"/>
  <system-out/>
</testsuite> <!-- base_package.TestNG_class -->
